<?xml version="1.0" encoding="UTF-8"?>
<!-- Generated by org.testng.reporters.JUnitReportReporter -->
<testsuite hostname="Laptop-PR-18" failures="0" tests="1" name="org.runner.Run" time="39.768" errors="0" timestamp="2023-08-09T02:05:17 IST" skipped="0">
  <testcase classname="org.runner.Run" name="test2" time="39.768"/>
  <system-out/>
</testsuite> <!-- org.runner.Run -->
